<?xml version="1.0" encoding="UTF-8"?>
<!-- Generated by org.testng.reporters.JUnitReportReporter -->
<testsuite hostname="INHYNSKILARI1" name="com.IXSProject.TestClass" tests="1" failures="0" timestamp="12 Feb 2016 11:19:42 GMT" time="0.016" errors="0">
  <testcase name="testhello" time="0.016" classname="com.IXSProject.TestClass"/>
</testsuite> <!-- com.IXSProject.TestClass -->
